<?xml version="1.0" encoding="UTF-8"?>
<testng-results skipped="0" failed="0" total="2" passed="2">
  <reporter-output>
  </reporter-output>
  <suite name="Default suite" duration-ms="43280" started-at="2017-07-09T21:03:24Z" finished-at="2017-07-09T21:04:07Z">
    <groups>
    </groups>
    <test name="Default test" duration-ms="43280" started-at="2017-07-09T21:03:24Z" finished-at="2017-07-09T21:04:07Z">
      <class name="com.test.PageTest">
        <test-method status="PASS" signature="setup()[pri:0, instance:com.test.PageTest@50c87b21]" name="setup" is-config="true" duration-ms="3267" started-at="2017-07-10T02:33:24Z" finished-at="2017-07-10T02:33:27Z">
          <reporter-output>
          </reporter-output>
        </test-method> <!-- setup -->
        <test-method status="PASS" signature="zLabelsTest()[pri:0, instance:com.test.PageTest@50c87b21]" name="zLabelsTest" duration-ms="23356" started-at="2017-07-10T02:33:27Z" finished-at="2017-07-10T02:33:51Z">
          <reporter-output>
          </reporter-output>
        </test-method> <!-- zLabelsTest -->
        <test-method status="PASS" signature="zalandoTest()[pri:0, instance:com.test.PageTest@50c87b21]" name="zalandoTest" duration-ms="14528" started-at="2017-07-10T02:33:51Z" finished-at="2017-07-10T02:34:05Z">
          <reporter-output>
          </reporter-output>
        </test-method> <!-- zalandoTest -->
        <test-method status="PASS" signature="teardown()[pri:0, instance:com.test.PageTest@50c87b21]" name="teardown" is-config="true" duration-ms="2104" started-at="2017-07-10T02:34:05Z" finished-at="2017-07-10T02:34:07Z">
          <reporter-output>
          </reporter-output>
        </test-method> <!-- teardown -->
      </class> <!-- com.test.PageTest -->
    </test> <!-- Default test -->
  </suite> <!-- Default suite -->
</testng-results>
