<?xml version="1.0" encoding="UTF-8"?>
<testng-results skipped="0" failed="0" total="2" passed="2">
  <reporter-output>
  </reporter-output>
  <suite name="Main Test Suite" duration-ms="48134" started-at="2017-07-09T07:17:46Z" finished-at="2017-07-09T07:18:34Z">
    <groups>
    </groups>
    <test name="Test Z-Labels" duration-ms="48134" started-at="2017-07-09T07:17:46Z" finished-at="2017-07-09T07:18:34Z">
      <class name="test.PageObjectModel">
        <test-method status="PASS" signature="setup()[pri:0, instance:test.PageObjectModel@3a82f6ef]" name="setup" is-config="true" duration-ms="3234" started-at="2017-07-09T12:47:46Z" finished-at="2017-07-09T12:47:50Z">
          <reporter-output>
          </reporter-output>
        </test-method> <!-- setup -->
        <test-method status="PASS" signature="setup()[pri:0, instance:test.PageObjectTest@100fc185]" name="setup" is-config="true" duration-ms="2645" started-at="2017-07-09T12:47:50Z" finished-at="2017-07-09T12:47:52Z">
          <reporter-output>
          </reporter-output>
        </test-method> <!-- setup -->
        <test-method status="PASS" signature="test1()[pri:0, instance:test.PageObjectModel@3a82f6ef]" name="test1" duration-ms="19860" started-at="2017-07-09T12:47:52Z" finished-at="2017-07-09T12:48:12Z">
          <reporter-output>
          </reporter-output>
        </test-method> <!-- test1 -->
        <test-method status="PASS" signature="cleanUp()[pri:0, instance:test.PageObjectModel@3a82f6ef]" name="cleanUp" is-config="true" duration-ms="617" started-at="2017-07-09T12:48:33Z" finished-at="2017-07-09T12:48:34Z">
          <reporter-output>
          </reporter-output>
        </test-method> <!-- cleanUp -->
        <test-method status="PASS" signature="cleanUp()[pri:0, instance:test.PageObjectTest@100fc185]" name="cleanUp" is-config="true" duration-ms="590" started-at="2017-07-09T12:48:34Z" finished-at="2017-07-09T12:48:34Z">
          <reporter-output>
          </reporter-output>
        </test-method> <!-- cleanUp -->
      </class> <!-- test.PageObjectModel -->
      <class name="test.PageObjectTest">
        <test-method status="PASS" signature="test1()[pri:0, instance:test.PageObjectTest@100fc185]" name="test1" duration-ms="21172" started-at="2017-07-09T12:48:12Z" finished-at="2017-07-09T12:48:33Z">
          <reporter-output>
          </reporter-output>
        </test-method> <!-- test1 -->
      </class> <!-- test.PageObjectTest -->
    </test> <!-- Test Z-Labels -->
  </suite> <!-- Main Test Suite -->
</testng-results>
